<?xml version="1.0" encoding="UTF-8"?>
<Site BuildName="(empty)"
	BuildStamp="20260626-1857-Experimental"
	Name="(empty)"
	Generator="ctest-3.28.3"
	CompilerName=""
	CompilerVersion=""
	OSName="Linux"
	Hostname="Gabriel"
	OSRelease="6.18.33.1-microsoft-standard-WSL2"
	OSVersion="#1 SMP PREEMPT_DYNAMIC Fri Jun  5 01:12:21 UTC 2026"
	OSPlatform="x86_64"
	Is64Bits="1"
	VendorString="AuthenticAMD"
	VendorID="Advanced Micro Devices"
	FamilyID="25"
	ModelID="33"
	ProcessorCacheSize="512"
	NumberOfLogicalCPU="12"
	NumberOfPhysicalCPU="6"
	TotalVirtualMemory="6144"
	TotalPhysicalMemory="23992"
	LogicalProcessorsPerPhysical="2"
	ProcessorClockFrequency="3693.11"
	>
	<Testing>
		<StartDateTime>Jun 26 14:57 EDT</StartDateTime>
		<StartTestTime>1782500251</StartTestTime>
		<TestList/>
		<EndDateTime>Jun 26 14:57 EDT</EndDateTime>
		<EndTestTime>1782500251</EndTestTime>
		<ElapsedMinutes>0</ElapsedMinutes>
	</Testing>
</Site>
