Start testing: Jun 27 18:43 EDT
----------------------------------------------------------
1/2 Testing: unit_state_parser
1/2 Test: unit_state_parser
Command: "/home/gabriel_fernandes/CS 500/tello_core/build/test_state_parser"
Directory: /home/gabriel_fernandes/CS 500/tello_core/build
"unit_state_parser" start time: Jun 27 18:43 EDT
Output:
----------------------------------------------------------
[test_state_parser] PASS
<end of output>
Test time =   0.00 sec
----------------------------------------------------------
Test Passed.
"unit_state_parser" end time: Jun 27 18:43 EDT
"unit_state_parser" time elapsed: 00:00:00
----------------------------------------------------------

2/2 Testing: unit_metrics_collector
2/2 Test: unit_metrics_collector
Command: "/home/gabriel_fernandes/CS 500/tello_core/build/test_metrics_collector"
Directory: /home/gabriel_fernandes/CS 500/tello_core/build
"unit_metrics_collector" start time: Jun 27 18:43 EDT
Output:
----------------------------------------------------------
[test_metrics_collector] PASS
<end of output>
Test time =   0.00 sec
----------------------------------------------------------
Test Passed.
"unit_metrics_collector" end time: Jun 27 18:43 EDT
"unit_metrics_collector" time elapsed: 00:00:00
----------------------------------------------------------

End testing: Jun 27 18:43 EDT

offline =   0.00 sec*proc

unit =   0.00 sec*proc

