<?xml version="1.0" encoding="UTF-8"?>
<Site BuildName="(empty)"
	BuildStamp="20260627-0025-Experimental"
	Name="(empty)"
	Generator="ctest-3.28.3"
	CompilerName=""
	CompilerVersion=""
	OSName="Linux"
	Hostname="Gabriel"
	OSRelease="6.18.33.2-microsoft-standard-WSL2"
	OSVersion="#1 SMP PREEMPT_DYNAMIC Thu Jun 18 21:54:43 UTC 2026"
	OSPlatform="x86_64"
	Is64Bits="1"
	VendorString="AuthenticAMD"
	VendorID="Advanced Micro Devices"
	FamilyID="25"
	ModelID="33"
	ProcessorCacheSize="512"
	NumberOfLogicalCPU="12"
	NumberOfPhysicalCPU="6"
	TotalVirtualMemory="6144"
	TotalPhysicalMemory="23992"
	LogicalProcessorsPerPhysical="2"
	ProcessorClockFrequency="3693.11"
	>
	<Testing>
		<StartDateTime>Jun 27 19:45 EDT</StartDateTime>
		<StartTestTime>1782603929</StartTestTime>
		<TestList/>
		<EndDateTime>Jun 27 19:45 EDT</EndDateTime>
		<EndTestTime>1782603929</EndTestTime>
		<ElapsedMinutes>0</ElapsedMinutes>
	</Testing>
</Site>
